c:\users\monica\desktop\game tech 2014_working\nclgl\debug\vc120.pdb
c:\users\monica\desktop\game tech 2014_working\nclgl\debug\vc120.idb
c:\users\monica\desktop\game tech 2014_working\nclgl\debug\keyboard.obj
c:\users\monica\desktop\game tech 2014_working\nclgl\debug\matrix4.obj
c:\users\monica\desktop\game tech 2014_working\nclgl\debug\md5anim.obj
c:\users\monica\desktop\game tech 2014_working\nclgl\debug\md5filedata.obj
c:\users\monica\desktop\game tech 2014_working\nclgl\debug\md5mesh.obj
c:\users\monica\desktop\game tech 2014_working\nclgl\debug\md5node.obj
c:\users\monica\desktop\game tech 2014_working\nclgl\debug\mesh.obj
c:\users\monica\desktop\game tech 2014_working\nclgl\debug\mouse.obj
c:\users\monica\desktop\game tech 2014_working\nclgl\debug\networkservices.obj
c:\users\monica\desktop\game tech 2014_working\nclgl\debug\objmesh.obj
c:\users\monica\desktop\game tech 2014_working\nclgl\debug\oggsound.obj
c:\users\monica\desktop\game tech 2014_working\nclgl\debug\oglrenderer.obj
c:\users\monica\desktop\game tech 2014_working\nclgl\debug\plane.obj
c:\users\monica\desktop\game tech 2014_working\nclgl\debug\quaternion.obj
c:\users\monica\desktop\game tech 2014_working\nclgl\debug\scenenode.obj
c:\users\monica\desktop\game tech 2014_working\nclgl\debug\shader.obj
c:\users\monica\desktop\game tech 2014_working\nclgl\debug\sound.obj
c:\users\monica\desktop\game tech 2014_working\nclgl\debug\soundnode.obj
c:\users\monica\desktop\game tech 2014_working\nclgl\debug\soundsystem.obj
c:\users\monica\desktop\game tech 2014_working\nclgl\debug\window.obj
c:\users\monica\desktop\game tech 2014_working\nclgl\debug\fpscounter.obj
c:\users\monica\desktop\game tech 2014_working\nclgl\debug\hudmanager.obj
c:\users\monica\desktop\game tech 2014_working\nclgl\debug\camera.obj
c:\users\monica\desktop\game tech 2014_working\nclgl\debug\cuberobot.obj
c:\users\monica\desktop\game tech 2014_working\nclgl\debug\frustum.obj
c:\users\monica\desktop\game tech 2014_working\nclgl\debug\gametimer.obj
c:\users\monica\desktop\game tech 2014_working\game technologies\debug\nclgl.lib
c:\users\monica\desktop\game tech 2014_working\nclgl\debug\nclgl.tlog\cl.command.1.tlog
c:\users\monica\desktop\game tech 2014_working\nclgl\debug\nclgl.tlog\cl.read.1.tlog
c:\users\monica\desktop\game tech 2014_working\nclgl\debug\nclgl.tlog\cl.write.1.tlog
c:\users\monica\desktop\game tech 2014_working\nclgl\debug\nclgl.tlog\lib-link.read.1.tlog
c:\users\monica\desktop\game tech 2014_working\nclgl\debug\nclgl.tlog\lib-link.write.1.tlog
c:\users\monica\desktop\game tech 2014_working\nclgl\debug\nclgl.tlog\lib.command.1.tlog
