c:\users\monica\desktop\game tech 2014_working\game technologies\clientapplication\debug\vc120.pdb
c:\users\monica\desktop\game tech 2014_working\game technologies\clientapplication\debug\vc120.idb
c:\users\monica\desktop\game tech 2014_working\game technologies\clientapplication\debug\chunckmanager.obj
c:\users\monica\desktop\game tech 2014_working\game technologies\clientapplication\debug\gameclass.obj
c:\users\monica\desktop\game tech 2014_working\game technologies\clientapplication\debug\gameentity.obj
c:\users\monica\desktop\game tech 2014_working\game technologies\clientapplication\debug\heightmap.obj
c:\users\monica\desktop\game tech 2014_working\game technologies\clientapplication\debug\main.obj
c:\users\monica\desktop\game tech 2014_working\game technologies\clientapplication\debug\mygame.obj
c:\users\monica\desktop\game tech 2014_working\game technologies\clientapplication\debug\noiseutils.obj
c:\users\monica\desktop\game tech 2014_working\game technologies\clientapplication\debug\physicsnode.obj
c:\users\monica\desktop\game tech 2014_working\game technologies\clientapplication\debug\physicssystem.obj
c:\users\monica\desktop\game tech 2014_working\game technologies\clientapplication\debug\playerclass.obj
c:\users\monica\desktop\game tech 2014_working\game technologies\clientapplication\debug\puddlechunck.obj
c:\users\monica\desktop\game tech 2014_working\game technologies\clientapplication\debug\renderer.obj
c:\users\monica\desktop\game tech 2014_working\game technologies\clientapplication\debug\spherechunck.obj
c:\users\monica\desktop\game tech 2014_working\game technologies\clientapplication\debug\terrainclass.obj
c:\users\monica\desktop\game tech 2014_working\game technologies\clientapplication\debug\voxelchunck.obj
c:\users\monica\desktop\game tech 2014_working\game technologies\clientapplication\debug\voxelcube.obj
c:\users\monica\desktop\game tech 2014_working\game technologies\debug\clientapplication.ilk
c:\users\monica\desktop\game tech 2014_working\game technologies\debug\clientapplication.exe
c:\users\monica\desktop\game tech 2014_working\game technologies\debug\clientapplication.pdb
c:\users\monica\desktop\game tech 2014_working\game technologies\clientapplication\debug\clientap.c52c12e7.tlog\cl.command.1.tlog
c:\users\monica\desktop\game tech 2014_working\game technologies\clientapplication\debug\clientap.c52c12e7.tlog\cl.read.1.tlog
c:\users\monica\desktop\game tech 2014_working\game technologies\clientapplication\debug\clientap.c52c12e7.tlog\cl.write.1.tlog
c:\users\monica\desktop\game tech 2014_working\game technologies\clientapplication\debug\clientap.c52c12e7.tlog\link.command.1.tlog
c:\users\monica\desktop\game tech 2014_working\game technologies\clientapplication\debug\clientap.c52c12e7.tlog\link.read.1.tlog
c:\users\monica\desktop\game tech 2014_working\game technologies\clientapplication\debug\clientap.c52c12e7.tlog\link.write.1.tlog
